[31mERRO[0m[2022-12-11T21:19:59+05:00]user.go:61 api_getaway_web/package/handler.(*Handler).SignInUser() rpc error: code = Unavailable desc = connection error: desc = "transport: Error while dialing dial tcp 127.0.0.1:9000: connect: connection refused" 
[31mERRO[0m[2022-12-11T21:19:59+05:00]handler.go:65 api_getaway_web/package/handler.(*Handler).handleResponse() !!!Response--->    code  :503  status  :UNAVAILABLE  description  :The service is currently unavailable. Try again in a few seconds.  data  :connection error: desc = "transport: Error while dialing dial tcp 127.0.0.1:9000: connect: connection refused" 
[36mINFO[0m[2022-12-11T21:20:58+05:00]handler.go:49 api_getaway_web/package/handler.(*Handler).handleResponse() ---Response--->  code  :200  status  :OK  description  :The request has succeeded  data  :eyJhbGciOiJIUzI1NiIsInR5cCI6IkpXVCJ9.eyJleHBpcmVzIjo1Mjk5NTc1NjU4LCJpZCI6ImMxNGUyYjIyLWQyYzctNDQ2Ni1iYmRiLTg5MmEwZmQ4MWEwMyJ9.ju9a3pxtBkxUjJOFLihsOz3xNaOc2Xp4h7WHIkM1EPM 
[31mERRO[0m[2022-12-11T21:57:13+05:00]user.go:49 api_getaway_web/package/handler.(*Handler).SignInUser() password: cannot be blank; username: cannot be blank. 
[31mERRO[0m[2022-12-11T21:57:13+05:00]handler.go:65 api_getaway_web/package/handler.(*Handler).handleResponse() !!!Response--->    code  :400  status  :BAD_REQUEST  description  :The server could not understand the request due to invalid syntax  data  :password: cannot be blank; username: cannot be blank. 
[31mERRO[0m[2022-12-11T21:57:36+05:00]user.go:61 api_getaway_web/package/handler.(*Handler).SignInUser() rpc error: code = NotFound desc = not found  
[31mERRO[0m[2022-12-11T21:57:36+05:00]handler.go:65 api_getaway_web/package/handler.(*Handler).handleResponse() !!!Response--->    code  :404  status  :NOT_FOUND  description  :	The requested resource not found.  data  :not found 
[36mINFO[0m[2022-12-11T22:32:24+05:00]handler.go:49 api_getaway_web/package/handler.(*Handler).handleResponse() ---Response--->  code  :200  status  :OK  description  :The request has succeeded  data  :eyJhbGciOiJIUzI1NiIsInR5cCI6IkpXVCJ9.eyJleHBpcmVzIjo1Mjk5NTc5OTQ0LCJpZCI6ImMxNGUyYjIyLWQyYzctNDQ2Ni1iYmRiLTg5MmEwZmQ4MWEwMyJ9.ENRVeURIFQuO6n_zskMUL9wrqgHzLYpt1QlKwJWnw_w 
[36mINFO[0m[2022-12-11T23:03:23+05:00]handler.go:49 api_getaway_web/package/handler.(*Handler).handleResponse() ---Response--->  code  :200  status  :OK  description  :The request has succeeded  data  :eyJhbGciOiJIUzI1NiIsInR5cCI6IkpXVCJ9.eyJleHBpcmVzIjo1Mjk5NTgxODAzLCJpZCI6ImMxNGUyYjIyLWQyYzctNDQ2Ni1iYmRiLTg5MmEwZmQ4MWEwMyJ9.W5Y1zq7tOebOOqiB2EyFz6A5N_r9UNoqCDgTgf9xnpY 
[36mINFO[0m[2022-12-11T23:13:06+05:00]handler.go:49 api_getaway_web/package/handler.(*Handler).handleResponse() ---Response--->  code  :200  status  :OK  description  :The request has succeeded  data  :eyJhbGciOiJIUzI1NiIsInR5cCI6IkpXVCJ9.eyJleHBpcmVzIjo1Mjk5NTgyMzg2LCJpZCI6ImMxNGUyYjIyLWQyYzctNDQ2Ni1iYmRiLTg5MmEwZmQ4MWEwMyJ9.3a47P_bu8Wl5IJufZRcVpfyHZZVdZ_c9iD6Ir1y3hJ0 
[36mINFO[0m[2022-12-11T23:15:27+05:00]handler.go:49 api_getaway_web/package/handler.(*Handler).handleResponse() ---Response--->  code  :200  status  :OK  description  :The request has succeeded  data  :eyJhbGciOiJIUzI1NiIsInR5cCI6IkpXVCJ9.eyJleHBpcmVzIjo1Mjk5NTgyNTI3LCJpZCI6ImMxNGUyYjIyLWQyYzctNDQ2Ni1iYmRiLTg5MmEwZmQ4MWEwMyJ9.1mIUdZKP6y7HcUe5aW9WDV7Z-taEVVgWozUwUVQLsM4 
[36mINFO[0m[2022-12-11T23:16:18+05:00]handler.go:49 api_getaway_web/package/handler.(*Handler).handleResponse() ---Response--->  code  :200  status  :OK  description  :The request has succeeded  data  :eyJhbGciOiJIUzI1NiIsInR5cCI6IkpXVCJ9.eyJleHBpcmVzIjo1Mjk5NTgyNTc4LCJpZCI6ImMxNGUyYjIyLWQyYzctNDQ2Ni1iYmRiLTg5MmEwZmQ4MWEwMyJ9.nvRg7J0UTO4RlC--t8v25zzNehLCcL7RKWd0fl_02VQ 
[36mINFO[0m[2022-12-11T23:16:32+05:00]handler.go:49 api_getaway_web/package/handler.(*Handler).handleResponse() ---Response--->  code  :200  status  :OK  description  :The request has succeeded  data  :eyJhbGciOiJIUzI1NiIsInR5cCI6IkpXVCJ9.eyJleHBpcmVzIjo1Mjk5NTgyNTkyLCJpZCI6ImMxNGUyYjIyLWQyYzctNDQ2Ni1iYmRiLTg5MmEwZmQ4MWEwMyJ9.2dtcsG9JlVQtvF86VN23ku9bg47GieKQGM9dE6IUZOw 
[36mINFO[0m[2022-12-11T23:17:42+05:00]handler.go:49 api_getaway_web/package/handler.(*Handler).handleResponse() ---Response--->  code  :200  status  :OK  description  :The request has succeeded  data  :eyJhbGciOiJIUzI1NiIsInR5cCI6IkpXVCJ9.eyJleHBpcmVzIjo1Mjk5NTgyNjYyLCJpZCI6ImMxNGUyYjIyLWQyYzctNDQ2Ni1iYmRiLTg5MmEwZmQ4MWEwMyJ9.GsDuCJNLwN9gKFnbIld4_p2RCOe-rysIEogGztPEbSM 
[36mINFO[0m[2022-12-11T23:17:42+05:00]handler.go:49 api_getaway_web/package/handler.(*Handler).handleResponse() ---Response--->  code  :200  status  :OK  description  :The request has succeeded  data  :eyJhbGciOiJIUzI1NiIsInR5cCI6IkpXVCJ9.eyJleHBpcmVzIjo1Mjk5NTgyNjYyLCJpZCI6ImMxNGUyYjIyLWQyYzctNDQ2Ni1iYmRiLTg5MmEwZmQ4MWEwMyJ9.GsDuCJNLwN9gKFnbIld4_p2RCOe-rysIEogGztPEbSM 
[36mINFO[0m[2022-12-11T23:18:53+05:00]handler.go:49 api_getaway_web/package/handler.(*Handler).handleResponse() ---Response--->  code  :200  status  :OK  description  :The request has succeeded  data  :eyJhbGciOiJIUzI1NiIsInR5cCI6IkpXVCJ9.eyJleHBpcmVzIjo1Mjk5NTgyNzMzLCJpZCI6ImMxNGUyYjIyLWQyYzctNDQ2Ni1iYmRiLTg5MmEwZmQ4MWEwMyJ9.7-wyyzZ_wHPhmg6CaaNIIcwV4nC6gWw5fLMX51pG_Vg 
[31mERRO[0m[2022-12-11T23:18:53+05:00]user.go:61 api_getaway_web/package/handler.(*Handler).SignInUser() rpc error: code = NotFound desc = not found  
[31mERRO[0m[2022-12-11T23:18:53+05:00]handler.go:65 api_getaway_web/package/handler.(*Handler).handleResponse() !!!Response--->    code  :404  status  :NOT_FOUND  description  :	The requested resource not found.  data  :not found 
[36mINFO[0m[2022-12-11T23:19:23+05:00]handler.go:49 api_getaway_web/package/handler.(*Handler).handleResponse() ---Response--->  code  :200  status  :OK  description  :The request has succeeded  data  :eyJhbGciOiJIUzI1NiIsInR5cCI6IkpXVCJ9.eyJleHBpcmVzIjo1Mjk5NTgyNzYzLCJpZCI6ImMxNGUyYjIyLWQyYzctNDQ2Ni1iYmRiLTg5MmEwZmQ4MWEwMyJ9.tHppMTUtRWMAE1evbYxmt5FGxRD9oVO32LTEnI8sCR0 
[31mERRO[0m[2022-12-11T23:19:24+05:00]user.go:61 api_getaway_web/package/handler.(*Handler).SignInUser() rpc error: code = NotFound desc = not found  
[31mERRO[0m[2022-12-11T23:19:24+05:00]handler.go:65 api_getaway_web/package/handler.(*Handler).handleResponse() !!!Response--->    code  :404  status  :NOT_FOUND  description  :	The requested resource not found.  data  :not found 
[36mINFO[0m[2022-12-11T23:36:18+05:00]handler.go:49 api_getaway_web/package/handler.(*Handler).handleResponse() ---Response--->  code  :200  status  :OK  description  :The request has succeeded  data  :eyJhbGciOiJIUzI1NiIsInR5cCI6IkpXVCJ9.eyJleHBpcmVzIjo1Mjk5NTgzNzc4LCJpZCI6ImMxNGUyYjIyLWQyYzctNDQ2Ni1iYmRiLTg5MmEwZmQ4MWEwMyJ9.mycyVB8ibZRa03-FAAGAPC2toEnJppGKGntAomqgKkc 
[31mERRO[0m[2022-12-11T23:36:18+05:00]user.go:61 api_getaway_web/package/handler.(*Handler).SignInUser() rpc error: code = NotFound desc = not found  
[31mERRO[0m[2022-12-11T23:36:18+05:00]handler.go:65 api_getaway_web/package/handler.(*Handler).handleResponse() !!!Response--->    code  :404  status  :NOT_FOUND  description  :	The requested resource not found.  data  :not found 
[36mINFO[0m[2022-12-11T23:36:22+05:00]handler.go:49 api_getaway_web/package/handler.(*Handler).handleResponse() ---Response--->  code  :200  status  :OK  description  :The request has succeeded  data  :eyJhbGciOiJIUzI1NiIsInR5cCI6IkpXVCJ9.eyJleHBpcmVzIjo1Mjk5NTgzNzgyLCJpZCI6ImMxNGUyYjIyLWQyYzctNDQ2Ni1iYmRiLTg5MmEwZmQ4MWEwMyJ9.KPbgL3OH33Jbo7aWMVZEyF6jTdrJSocTmxUK2wUA8tg 
[31mERRO[0m[2022-12-11T23:36:22+05:00]user.go:61 api_getaway_web/package/handler.(*Handler).SignInUser() rpc error: code = NotFound desc = not found  
[31mERRO[0m[2022-12-11T23:36:22+05:00]handler.go:65 api_getaway_web/package/handler.(*Handler).handleResponse() !!!Response--->    code  :404  status  :NOT_FOUND  description  :	The requested resource not found.  data  :not found 
[36mINFO[0m[2022-12-11T23:36:47+05:00]handler.go:49 api_getaway_web/package/handler.(*Handler).handleResponse() ---Response--->  code  :200  status  :OK  description  :The request has succeeded  data  :eyJhbGciOiJIUzI1NiIsInR5cCI6IkpXVCJ9.eyJleHBpcmVzIjo1Mjk5NTgzODA3LCJpZCI6ImMxNGUyYjIyLWQyYzctNDQ2Ni1iYmRiLTg5MmEwZmQ4MWEwMyJ9.0Y9rChF63Sg1-9thUsdWEXdbqdeVR-zxtnP2CbMEVkY 
[31mERRO[0m[2022-12-11T23:36:47+05:00]user.go:61 api_getaway_web/package/handler.(*Handler).SignInUser() rpc error: code = NotFound desc = not found  
[31mERRO[0m[2022-12-11T23:36:47+05:00]handler.go:65 api_getaway_web/package/handler.(*Handler).handleResponse() !!!Response--->    code  :404  status  :NOT_FOUND  description  :	The requested resource not found.  data  :not found 
[36mINFO[0m[2022-12-11T23:39:51+05:00]handler.go:49 api_getaway_web/package/handler.(*Handler).handleResponse() ---Response--->  code  :200  status  :OK  description  :The request has succeeded  data  :eyJhbGciOiJIUzI1NiIsInR5cCI6IkpXVCJ9.eyJleHBpcmVzIjo1Mjk5NTgzOTkxLCJpZCI6ImMxNGUyYjIyLWQyYzctNDQ2Ni1iYmRiLTg5MmEwZmQ4MWEwMyJ9.mdPx2U_asGnPH3Z0xQH9B6mwdOpB00RmHWpXjHmmYes 
[31mERRO[0m[2022-12-11T23:39:52+05:00]user.go:61 api_getaway_web/package/handler.(*Handler).SignInUser() rpc error: code = NotFound desc = not found  
[31mERRO[0m[2022-12-11T23:39:52+05:00]handler.go:65 api_getaway_web/package/handler.(*Handler).handleResponse() !!!Response--->    code  :404  status  :NOT_FOUND  description  :	The requested resource not found.  data  :not found 
[36mINFO[0m[2022-12-11T23:47:19+05:00]handler.go:49 api_getaway_web/package/handler.(*Handler).handleResponse() ---Response--->  code  :200  status  :OK  description  :The request has succeeded  data  :eyJhbGciOiJIUzI1NiIsInR5cCI6IkpXVCJ9.eyJleHBpcmVzIjo1Mjk5NTg0NDM5LCJpZCI6ImMxNGUyYjIyLWQyYzctNDQ2Ni1iYmRiLTg5MmEwZmQ4MWEwMyJ9.9wA7kXFtZXC9Mts7uMO-Av4Yo--Ixc16ikv4w0dU3XA 
[31mERRO[0m[2022-12-11T23:47:19+05:00]user.go:61 api_getaway_web/package/handler.(*Handler).SignInUser() rpc error: code = NotFound desc = not found  
[31mERRO[0m[2022-12-11T23:47:19+05:00]handler.go:65 api_getaway_web/package/handler.(*Handler).handleResponse() !!!Response--->    code  :404  status  :NOT_FOUND  description  :	The requested resource not found.  data  :not found 
[36mINFO[0m[2022-12-11T23:50:03+05:00]handler.go:49 api_getaway_web/package/handler.(*Handler).handleResponse() ---Response--->  code  :200  status  :OK  description  :The request has succeeded  data  :eyJhbGciOiJIUzI1NiIsInR5cCI6IkpXVCJ9.eyJleHBpcmVzIjo1Mjk5NTg0NjAzLCJpZCI6ImMxNGUyYjIyLWQyYzctNDQ2Ni1iYmRiLTg5MmEwZmQ4MWEwMyJ9.Be0rn9taAGoWiqG3FtuC_UWVoUfucMURb2ggbmzg2QI 
[31mERRO[0m[2022-12-11T23:50:03+05:00]user.go:61 api_getaway_web/package/handler.(*Handler).SignInUser() rpc error: code = NotFound desc = not found  
[31mERRO[0m[2022-12-11T23:50:03+05:00]handler.go:65 api_getaway_web/package/handler.(*Handler).handleResponse() !!!Response--->    code  :404  status  :NOT_FOUND  description  :	The requested resource not found.  data  :not found 
[36mINFO[0m[2022-12-11T23:50:53+05:00]handler.go:49 api_getaway_web/package/handler.(*Handler).handleResponse() ---Response--->  code  :200  status  :OK  description  :The request has succeeded  data  :eyJhbGciOiJIUzI1NiIsInR5cCI6IkpXVCJ9.eyJleHBpcmVzIjo1Mjk5NTg0NjUzLCJpZCI6ImMxNGUyYjIyLWQyYzctNDQ2Ni1iYmRiLTg5MmEwZmQ4MWEwMyJ9.odjZgNAj0oRKDzcRPv08HtUufZvjGY7czpancwPUg_8 
[31mERRO[0m[2022-12-11T23:50:53+05:00]user.go:61 api_getaway_web/package/handler.(*Handler).SignInUser() rpc error: code = NotFound desc = not found  
[31mERRO[0m[2022-12-11T23:50:53+05:00]handler.go:65 api_getaway_web/package/handler.(*Handler).handleResponse() !!!Response--->    code  :404  status  :NOT_FOUND  description  :	The requested resource not found.  data  :not found 
[36mINFO[0m[2022-12-11T23:51:33+05:00]handler.go:49 api_getaway_web/package/handler.(*Handler).handleResponse() ---Response--->  code  :200  status  :OK  description  :The request has succeeded  data  :eyJhbGciOiJIUzI1NiIsInR5cCI6IkpXVCJ9.eyJleHBpcmVzIjo1Mjk5NTg0NjkzLCJpZCI6ImMxNGUyYjIyLWQyYzctNDQ2Ni1iYmRiLTg5MmEwZmQ4MWEwMyJ9.X2O3AgEXi5LCrSO2zoggjzBuswNxdXEqmSt9iTDX3zA 
[31mERRO[0m[2022-12-11T23:51:34+05:00]user.go:61 api_getaway_web/package/handler.(*Handler).SignInUser() rpc error: code = NotFound desc = not found  
[31mERRO[0m[2022-12-11T23:51:34+05:00]handler.go:65 api_getaway_web/package/handler.(*Handler).handleResponse() !!!Response--->    code  :404  status  :NOT_FOUND  description  :	The requested resource not found.  data  :not found 
[36mINFO[0m[2022-12-11T23:52:56+05:00]handler.go:49 api_getaway_web/package/handler.(*Handler).handleResponse() ---Response--->  code  :200  status  :OK  description  :The request has succeeded  data  :eyJhbGciOiJIUzI1NiIsInR5cCI6IkpXVCJ9.eyJleHBpcmVzIjo1Mjk5NTg0Nzc2LCJpZCI6ImMxNGUyYjIyLWQyYzctNDQ2Ni1iYmRiLTg5MmEwZmQ4MWEwMyJ9.RVVJdIfwrcy_8aK36DGmzSgFQnPk3JaPHbHTwsBPCRk 
[31mERRO[0m[2022-12-11T23:52:57+05:00]user.go:61 api_getaway_web/package/handler.(*Handler).SignInUser() rpc error: code = NotFound desc = not found  
[31mERRO[0m[2022-12-11T23:52:57+05:00]handler.go:65 api_getaway_web/package/handler.(*Handler).handleResponse() !!!Response--->    code  :404  status  :NOT_FOUND  description  :	The requested resource not found.  data  :not found 
[36mINFO[0m[2022-12-11T23:53:35+05:00]handler.go:49 api_getaway_web/package/handler.(*Handler).handleResponse() ---Response--->  code  :200  status  :OK  description  :The request has succeeded  data  :eyJhbGciOiJIUzI1NiIsInR5cCI6IkpXVCJ9.eyJleHBpcmVzIjo1Mjk5NTg0ODE1LCJpZCI6ImMxNGUyYjIyLWQyYzctNDQ2Ni1iYmRiLTg5MmEwZmQ4MWEwMyJ9.SOnbt2-JwJg13CR1dzTISNkwCJ-ii4AEWxBTcX1RuAM 
[31mERRO[0m[2022-12-11T23:53:35+05:00]user.go:61 api_getaway_web/package/handler.(*Handler).SignInUser() rpc error: code = NotFound desc = not found  
[31mERRO[0m[2022-12-11T23:53:35+05:00]handler.go:65 api_getaway_web/package/handler.(*Handler).handleResponse() !!!Response--->    code  :404  status  :NOT_FOUND  description  :	The requested resource not found.  data  :not found 
[36mINFO[0m[2022-12-11T23:56:06+05:00]handler.go:49 api_getaway_web/package/handler.(*Handler).handleResponse() ---Response--->  code  :200  status  :OK  description  :The request has succeeded  data  :eyJhbGciOiJIUzI1NiIsInR5cCI6IkpXVCJ9.eyJleHBpcmVzIjo1Mjk5NTg0OTY2LCJpZCI6ImMxNGUyYjIyLWQyYzctNDQ2Ni1iYmRiLTg5MmEwZmQ4MWEwMyJ9.SHT9CCACqCdN9tlBUmNyQyHIQDNRJgiUB9nqlAm8LHk 
[31mERRO[0m[2022-12-11T23:56:06+05:00]user.go:61 api_getaway_web/package/handler.(*Handler).SignInUser() rpc error: code = NotFound desc = not found  
[31mERRO[0m[2022-12-11T23:56:06+05:00]handler.go:65 api_getaway_web/package/handler.(*Handler).handleResponse() !!!Response--->    code  :404  status  :NOT_FOUND  description  :	The requested resource not found.  data  :not found 
[36mINFO[0m[2022-12-12T00:05:47+05:00]handler.go:49 api_getaway_web/package/handler.(*Handler).handleResponse() ---Response--->  code  :200  status  :OK  description  :The request has succeeded  data  :eyJhbGciOiJIUzI1NiIsInR5cCI6IkpXVCJ9.eyJleHBpcmVzIjo1Mjk5NTg1NTQ3LCJpZCI6ImMxNGUyYjIyLWQyYzctNDQ2Ni1iYmRiLTg5MmEwZmQ4MWEwMyJ9.antJitJ-CwiUy8xdxRSZICWrF3UIWF2MIThtOBdzPJQ 
[31mERRO[0m[2022-12-12T00:05:47+05:00]user.go:49 api_getaway_web/package/handler.(*Handler).SignInUser() password: cannot be blank; username: cannot be blank. 
[31mERRO[0m[2022-12-12T00:05:47+05:00]handler.go:65 api_getaway_web/package/handler.(*Handler).handleResponse() !!!Response--->    code  :400  status  :BAD_REQUEST  description  :The server could not understand the request due to invalid syntax  data  :password: cannot be blank; username: cannot be blank. 
[31mERRO[0m[2022-12-12T00:05:48+05:00]user.go:61 api_getaway_web/package/handler.(*Handler).SignInUser() rpc error: code = NotFound desc = not found  
[31mERRO[0m[2022-12-12T00:05:48+05:00]handler.go:65 api_getaway_web/package/handler.(*Handler).handleResponse() !!!Response--->    code  :404  status  :NOT_FOUND  description  :	The requested resource not found.  data  :not found 
[31mERRO[0m[2022-12-12T00:05:48+05:00]user.go:49 api_getaway_web/package/handler.(*Handler).SignInUser() password: cannot be blank; username: cannot be blank. 
[31mERRO[0m[2022-12-12T00:05:48+05:00]handler.go:65 api_getaway_web/package/handler.(*Handler).handleResponse() !!!Response--->    code  :400  status  :BAD_REQUEST  description  :The server could not understand the request due to invalid syntax  data  :password: cannot be blank; username: cannot be blank. 
[31mERRO[0m[2022-12-12T00:05:48+05:00]user.go:61 api_getaway_web/package/handler.(*Handler).SignInUser() rpc error: code = NotFound desc = not found  
[31mERRO[0m[2022-12-12T00:05:48+05:00]handler.go:65 api_getaway_web/package/handler.(*Handler).handleResponse() !!!Response--->    code  :404  status  :NOT_FOUND  description  :	The requested resource not found.  data  :not found 
[31mERRO[0m[2022-12-12T00:05:48+05:00]user.go:49 api_getaway_web/package/handler.(*Handler).SignInUser() password: cannot be blank; username: cannot be blank. 
[31mERRO[0m[2022-12-12T00:05:48+05:00]handler.go:65 api_getaway_web/package/handler.(*Handler).handleResponse() !!!Response--->    code  :400  status  :BAD_REQUEST  description  :The server could not understand the request due to invalid syntax  data  :password: cannot be blank; username: cannot be blank. 
[36mINFO[0m[2022-12-12T00:05:52+05:00]handler.go:49 api_getaway_web/package/handler.(*Handler).handleResponse() ---Response--->  code  :200  status  :OK  description  :The request has succeeded  data  :eyJhbGciOiJIUzI1NiIsInR5cCI6IkpXVCJ9.eyJleHBpcmVzIjo1Mjk5NTg1NTUyLCJpZCI6ImMxNGUyYjIyLWQyYzctNDQ2Ni1iYmRiLTg5MmEwZmQ4MWEwMyJ9.Ff0QeObwwT2ZjsFUfcbo7on65bK4n5CUbmywXMdeu4Y 
[31mERRO[0m[2022-12-12T00:05:52+05:00]user.go:49 api_getaway_web/package/handler.(*Handler).SignInUser() password: cannot be blank; username: cannot be blank. 
[31mERRO[0m[2022-12-12T00:05:52+05:00]handler.go:65 api_getaway_web/package/handler.(*Handler).handleResponse() !!!Response--->    code  :400  status  :BAD_REQUEST  description  :The server could not understand the request due to invalid syntax  data  :password: cannot be blank; username: cannot be blank. 
[31mERRO[0m[2022-12-12T00:05:53+05:00]user.go:61 api_getaway_web/package/handler.(*Handler).SignInUser() rpc error: code = NotFound desc = not found  
[31mERRO[0m[2022-12-12T00:05:53+05:00]handler.go:65 api_getaway_web/package/handler.(*Handler).handleResponse() !!!Response--->    code  :404  status  :NOT_FOUND  description  :	The requested resource not found.  data  :not found 
[31mERRO[0m[2022-12-12T00:05:53+05:00]user.go:49 api_getaway_web/package/handler.(*Handler).SignInUser() password: cannot be blank; username: cannot be blank. 
[31mERRO[0m[2022-12-12T00:05:53+05:00]handler.go:65 api_getaway_web/package/handler.(*Handler).handleResponse() !!!Response--->    code  :400  status  :BAD_REQUEST  description  :The server could not understand the request due to invalid syntax  data  :password: cannot be blank; username: cannot be blank. 
[31mERRO[0m[2022-12-12T00:05:53+05:00]user.go:61 api_getaway_web/package/handler.(*Handler).SignInUser() rpc error: code = NotFound desc = not found  
[31mERRO[0m[2022-12-12T00:05:53+05:00]handler.go:65 api_getaway_web/package/handler.(*Handler).handleResponse() !!!Response--->    code  :404  status  :NOT_FOUND  description  :	The requested resource not found.  data  :not found 
[31mERRO[0m[2022-12-12T00:05:53+05:00]user.go:49 api_getaway_web/package/handler.(*Handler).SignInUser() password: cannot be blank; username: cannot be blank. 
[31mERRO[0m[2022-12-12T00:05:53+05:00]handler.go:65 api_getaway_web/package/handler.(*Handler).handleResponse() !!!Response--->    code  :400  status  :BAD_REQUEST  description  :The server could not understand the request due to invalid syntax  data  :password: cannot be blank; username: cannot be blank. 
[36mINFO[0m[2022-12-12T00:06:51+05:00]handler.go:49 api_getaway_web/package/handler.(*Handler).handleResponse() ---Response--->  code  :200  status  :OK  description  :The request has succeeded  data  :eyJhbGciOiJIUzI1NiIsInR5cCI6IkpXVCJ9.eyJleHBpcmVzIjo1Mjk5NTg1NjExLCJpZCI6ImMxNGUyYjIyLWQyYzctNDQ2Ni1iYmRiLTg5MmEwZmQ4MWEwMyJ9.cpLHe72KkAzICQqSLTQ22c1cwWCJkGZIcvhAXozJ_1Y 
[31mERRO[0m[2022-12-12T00:06:51+05:00]user.go:49 api_getaway_web/package/handler.(*Handler).SignInUser() password: cannot be blank; username: cannot be blank. 
[31mERRO[0m[2022-12-12T00:06:51+05:00]handler.go:65 api_getaway_web/package/handler.(*Handler).handleResponse() !!!Response--->    code  :400  status  :BAD_REQUEST  description  :The server could not understand the request due to invalid syntax  data  :password: cannot be blank; username: cannot be blank. 
[31mERRO[0m[2022-12-12T00:06:51+05:00]user.go:61 api_getaway_web/package/handler.(*Handler).SignInUser() rpc error: code = NotFound desc = not found  
[31mERRO[0m[2022-12-12T00:06:51+05:00]handler.go:65 api_getaway_web/package/handler.(*Handler).handleResponse() !!!Response--->    code  :404  status  :NOT_FOUND  description  :	The requested resource not found.  data  :not found 
[31mERRO[0m[2022-12-12T00:06:51+05:00]user.go:49 api_getaway_web/package/handler.(*Handler).SignInUser() password: cannot be blank; username: cannot be blank. 
[31mERRO[0m[2022-12-12T00:06:51+05:00]handler.go:65 api_getaway_web/package/handler.(*Handler).handleResponse() !!!Response--->    code  :400  status  :BAD_REQUEST  description  :The server could not understand the request due to invalid syntax  data  :password: cannot be blank; username: cannot be blank. 
[31mERRO[0m[2022-12-12T00:06:51+05:00]user.go:49 api_getaway_web/package/handler.(*Handler).SignInUser() password: cannot be blank; username: cannot be blank. 
[31mERRO[0m[2022-12-12T00:06:51+05:00]handler.go:65 api_getaway_web/package/handler.(*Handler).handleResponse() !!!Response--->    code  :400  status  :BAD_REQUEST  description  :The server could not understand the request due to invalid syntax  data  :password: cannot be blank; username: cannot be blank. 
[31mERRO[0m[2022-12-12T00:06:51+05:00]user.go:49 api_getaway_web/package/handler.(*Handler).SignInUser() password: cannot be blank; username: cannot be blank. 
[31mERRO[0m[2022-12-12T00:06:51+05:00]handler.go:65 api_getaway_web/package/handler.(*Handler).handleResponse() !!!Response--->    code  :400  status  :BAD_REQUEST  description  :The server could not understand the request due to invalid syntax  data  :password: cannot be blank; username: cannot be blank. 
[36mINFO[0m[2022-12-12T00:08:34+05:00]handler.go:49 api_getaway_web/package/handler.(*Handler).handleResponse() ---Response--->  code  :200  status  :OK  description  :The request has succeeded  data  :eyJhbGciOiJIUzI1NiIsInR5cCI6IkpXVCJ9.eyJleHBpcmVzIjo1Mjk5NTg1NzE0LCJpZCI6ImMxNGUyYjIyLWQyYzctNDQ2Ni1iYmRiLTg5MmEwZmQ4MWEwMyJ9.6JHW0ESPWAjvqFcS0M1q1_uaWm0OW6IXAda9RcEZqtw 
[31mERRO[0m[2022-12-12T00:08:34+05:00]user.go:49 api_getaway_web/package/handler.(*Handler).SignInUser() password: cannot be blank; username: cannot be blank. 
[31mERRO[0m[2022-12-12T00:08:34+05:00]handler.go:65 api_getaway_web/package/handler.(*Handler).handleResponse() !!!Response--->    code  :400  status  :BAD_REQUEST  description  :The server could not understand the request due to invalid syntax  data  :password: cannot be blank; username: cannot be blank. 
[31mERRO[0m[2022-12-12T00:08:34+05:00]user.go:61 api_getaway_web/package/handler.(*Handler).SignInUser() rpc error: code = NotFound desc = not found  
[31mERRO[0m[2022-12-12T00:08:34+05:00]handler.go:65 api_getaway_web/package/handler.(*Handler).handleResponse() !!!Response--->    code  :404  status  :NOT_FOUND  description  :	The requested resource not found.  data  :not found 
[31mERRO[0m[2022-12-12T00:08:34+05:00]user.go:49 api_getaway_web/package/handler.(*Handler).SignInUser() password: cannot be blank; username: cannot be blank. 
[31mERRO[0m[2022-12-12T00:08:34+05:00]handler.go:65 api_getaway_web/package/handler.(*Handler).handleResponse() !!!Response--->    code  :400  status  :BAD_REQUEST  description  :The server could not understand the request due to invalid syntax  data  :password: cannot be blank; username: cannot be blank. 
[31mERRO[0m[2022-12-12T00:08:34+05:00]user.go:49 api_getaway_web/package/handler.(*Handler).SignInUser() password: cannot be blank; username: cannot be blank. 
[31mERRO[0m[2022-12-12T00:08:34+05:00]handler.go:65 api_getaway_web/package/handler.(*Handler).handleResponse() !!!Response--->    code  :400  status  :BAD_REQUEST  description  :The server could not understand the request due to invalid syntax  data  :password: cannot be blank; username: cannot be blank. 
[31mERRO[0m[2022-12-12T00:08:34+05:00]user.go:49 api_getaway_web/package/handler.(*Handler).SignInUser() password: cannot be blank; username: cannot be blank. 
[31mERRO[0m[2022-12-12T00:08:34+05:00]handler.go:65 api_getaway_web/package/handler.(*Handler).handleResponse() !!!Response--->    code  :400  status  :BAD_REQUEST  description  :The server could not understand the request due to invalid syntax  data  :password: cannot be blank; username: cannot be blank. 
[31mERRO[0m[2022-12-12T00:08:41+05:00]user.go:49 api_getaway_web/package/handler.(*Handler).SignInUser() password: cannot be blank; username: cannot be blank. 
[31mERRO[0m[2022-12-12T00:08:41+05:00]handler.go:65 api_getaway_web/package/handler.(*Handler).handleResponse() !!!Response--->    code  :400  status  :BAD_REQUEST  description  :The server could not understand the request due to invalid syntax  data  :password: cannot be blank; username: cannot be blank. 
[31mERRO[0m[2022-12-12T00:08:57+05:00]user.go:49 api_getaway_web/package/handler.(*Handler).SignInUser() password: cannot be blank; username: cannot be blank. 
[31mERRO[0m[2022-12-12T00:08:57+05:00]handler.go:65 api_getaway_web/package/handler.(*Handler).handleResponse() !!!Response--->    code  :400  status  :BAD_REQUEST  description  :The server could not understand the request due to invalid syntax  data  :password: cannot be blank; username: cannot be blank. 
[31mERRO[0m[2022-12-12T00:09:01+05:00]user.go:49 api_getaway_web/package/handler.(*Handler).SignInUser() password: cannot be blank; username: cannot be blank. 
[31mERRO[0m[2022-12-12T00:09:01+05:00]handler.go:65 api_getaway_web/package/handler.(*Handler).handleResponse() !!!Response--->    code  :400  status  :BAD_REQUEST  description  :The server could not understand the request due to invalid syntax  data  :password: cannot be blank; username: cannot be blank. 
[31mERRO[0m[2022-12-12T00:09:02+05:00]user.go:49 api_getaway_web/package/handler.(*Handler).SignInUser() password: cannot be blank; username: cannot be blank. 
[31mERRO[0m[2022-12-12T00:09:02+05:00]handler.go:65 api_getaway_web/package/handler.(*Handler).handleResponse() !!!Response--->    code  :400  status  :BAD_REQUEST  description  :The server could not understand the request due to invalid syntax  data  :password: cannot be blank; username: cannot be blank. 
[31mERRO[0m[2022-12-12T00:09:02+05:00]user.go:49 api_getaway_web/package/handler.(*Handler).SignInUser() password: cannot be blank; username: cannot be blank. 
[31mERRO[0m[2022-12-12T00:09:02+05:00]handler.go:65 api_getaway_web/package/handler.(*Handler).handleResponse() !!!Response--->    code  :400  status  :BAD_REQUEST  description  :The server could not understand the request due to invalid syntax  data  :password: cannot be blank; username: cannot be blank. 
[31mERRO[0m[2022-12-12T00:09:17+05:00]user.go:49 api_getaway_web/package/handler.(*Handler).SignInUser() password: cannot be blank; username: the length must be between 5 and 30. 
[31mERRO[0m[2022-12-12T00:09:17+05:00]handler.go:65 api_getaway_web/package/handler.(*Handler).handleResponse() !!!Response--->    code  :400  status  :BAD_REQUEST  description  :The server could not understand the request due to invalid syntax  data  :password: cannot be blank; username: the length must be between 5 and 30. 
[31mERRO[0m[2022-12-12T00:09:22+05:00]user.go:49 api_getaway_web/package/handler.(*Handler).SignInUser() password: cannot be blank; username: the length must be between 5 and 30. 
[31mERRO[0m[2022-12-12T00:09:22+05:00]handler.go:65 api_getaway_web/package/handler.(*Handler).handleResponse() !!!Response--->    code  :400  status  :BAD_REQUEST  description  :The server could not understand the request due to invalid syntax  data  :password: cannot be blank; username: the length must be between 5 and 30. 
[36mINFO[0m[2022-12-12T00:09:24+05:00]handler.go:49 api_getaway_web/package/handler.(*Handler).handleResponse() ---Response--->  code  :200  status  :OK  description  :The request has succeeded  data  :eyJhbGciOiJIUzI1NiIsInR5cCI6IkpXVCJ9.eyJleHBpcmVzIjo1Mjk5NTg1NzY0LCJpZCI6ImMxNGUyYjIyLWQyYzctNDQ2Ni1iYmRiLTg5MmEwZmQ4MWEwMyJ9.JUX_F1yqZsXyJIjMnrNqgpwMAuX0G5TDLQW6KIIArCg 
[31mERRO[0m[2022-12-12T00:09:24+05:00]user.go:49 api_getaway_web/package/handler.(*Handler).SignInUser() password: cannot be blank; username: cannot be blank. 
[31mERRO[0m[2022-12-12T00:09:24+05:00]handler.go:65 api_getaway_web/package/handler.(*Handler).handleResponse() !!!Response--->    code  :400  status  :BAD_REQUEST  description  :The server could not understand the request due to invalid syntax  data  :password: cannot be blank; username: cannot be blank. 
[31mERRO[0m[2022-12-12T00:09:24+05:00]user.go:61 api_getaway_web/package/handler.(*Handler).SignInUser() rpc error: code = NotFound desc = not found  
[31mERRO[0m[2022-12-12T00:09:24+05:00]handler.go:65 api_getaway_web/package/handler.(*Handler).handleResponse() !!!Response--->    code  :404  status  :NOT_FOUND  description  :	The requested resource not found.  data  :not found 
[31mERRO[0m[2022-12-12T00:09:24+05:00]user.go:49 api_getaway_web/package/handler.(*Handler).SignInUser() password: cannot be blank; username: cannot be blank. 
[31mERRO[0m[2022-12-12T00:09:24+05:00]handler.go:65 api_getaway_web/package/handler.(*Handler).handleResponse() !!!Response--->    code  :400  status  :BAD_REQUEST  description  :The server could not understand the request due to invalid syntax  data  :password: cannot be blank; username: cannot be blank. 
[31mERRO[0m[2022-12-12T00:09:24+05:00]user.go:49 api_getaway_web/package/handler.(*Handler).SignInUser() password: cannot be blank; username: cannot be blank. 
[31mERRO[0m[2022-12-12T00:09:24+05:00]handler.go:65 api_getaway_web/package/handler.(*Handler).handleResponse() !!!Response--->    code  :400  status  :BAD_REQUEST  description  :The server could not understand the request due to invalid syntax  data  :password: cannot be blank; username: cannot be blank. 
[31mERRO[0m[2022-12-12T00:09:24+05:00]user.go:49 api_getaway_web/package/handler.(*Handler).SignInUser() password: cannot be blank; username: cannot be blank. 
[31mERRO[0m[2022-12-12T00:09:24+05:00]handler.go:65 api_getaway_web/package/handler.(*Handler).handleResponse() !!!Response--->    code  :400  status  :BAD_REQUEST  description  :The server could not understand the request due to invalid syntax  data  :password: cannot be blank; username: cannot be blank. 
[36mINFO[0m[2022-12-12T00:10:45+05:00]handler.go:49 api_getaway_web/package/handler.(*Handler).handleResponse() ---Response--->  code  :200  status  :OK  description  :The request has succeeded  data  :eyJhbGciOiJIUzI1NiIsInR5cCI6IkpXVCJ9.eyJleHBpcmVzIjo1Mjk5NTg1ODQ1LCJpZCI6ImMxNGUyYjIyLWQyYzctNDQ2Ni1iYmRiLTg5MmEwZmQ4MWEwMyJ9.aAInkAGVELnS41zrrKfhYf6jyVrRg-CHwUGBb92UnWI 
[31mERRO[0m[2022-12-12T00:10:45+05:00]user.go:49 api_getaway_web/package/handler.(*Handler).SignInUser() password: cannot be blank; username: cannot be blank. 
[31mERRO[0m[2022-12-12T00:10:45+05:00]handler.go:65 api_getaway_web/package/handler.(*Handler).handleResponse() !!!Response--->    code  :400  status  :BAD_REQUEST  description  :The server could not understand the request due to invalid syntax  data  :password: cannot be blank; username: cannot be blank. 
[31mERRO[0m[2022-12-12T00:10:45+05:00]user.go:61 api_getaway_web/package/handler.(*Handler).SignInUser() rpc error: code = NotFound desc = not found  
[31mERRO[0m[2022-12-12T00:10:45+05:00]handler.go:65 api_getaway_web/package/handler.(*Handler).handleResponse() !!!Response--->    code  :404  status  :NOT_FOUND  description  :	The requested resource not found.  data  :not found 
[31mERRO[0m[2022-12-12T00:10:45+05:00]user.go:49 api_getaway_web/package/handler.(*Handler).SignInUser() password: cannot be blank; username: cannot be blank. 
[31mERRO[0m[2022-12-12T00:10:45+05:00]handler.go:65 api_getaway_web/package/handler.(*Handler).handleResponse() !!!Response--->    code  :400  status  :BAD_REQUEST  description  :The server could not understand the request due to invalid syntax  data  :password: cannot be blank; username: cannot be blank. 
[31mERRO[0m[2022-12-12T00:10:45+05:00]user.go:49 api_getaway_web/package/handler.(*Handler).SignInUser() password: cannot be blank; username: cannot be blank. 
[31mERRO[0m[2022-12-12T00:10:45+05:00]handler.go:65 api_getaway_web/package/handler.(*Handler).handleResponse() !!!Response--->    code  :400  status  :BAD_REQUEST  description  :The server could not understand the request due to invalid syntax  data  :password: cannot be blank; username: cannot be blank. 
[31mERRO[0m[2022-12-12T00:10:45+05:00]user.go:49 api_getaway_web/package/handler.(*Handler).SignInUser() password: cannot be blank; username: cannot be blank. 
[31mERRO[0m[2022-12-12T00:10:45+05:00]handler.go:65 api_getaway_web/package/handler.(*Handler).handleResponse() !!!Response--->    code  :400  status  :BAD_REQUEST  description  :The server could not understand the request due to invalid syntax  data  :password: cannot be blank; username: cannot be blank. 
[36mINFO[0m[2022-12-12T00:12:59+05:00]handler.go:49 api_getaway_web/package/handler.(*Handler).handleResponse() ---Response--->  code  :200  status  :OK  description  :The request has succeeded  data  :eyJhbGciOiJIUzI1NiIsInR5cCI6IkpXVCJ9.eyJleHBpcmVzIjo1Mjk5NTg1OTc5LCJpZCI6ImMxNGUyYjIyLWQyYzctNDQ2Ni1iYmRiLTg5MmEwZmQ4MWEwMyJ9.n5KGopj_siisJQurhxbxXUMU8V_C6AYto7CQpdheldU 
[31mERRO[0m[2022-12-12T00:12:59+05:00]user.go:49 api_getaway_web/package/handler.(*Handler).SignInUser() password: cannot be blank; username: cannot be blank. 
[31mERRO[0m[2022-12-12T00:12:59+05:00]handler.go:65 api_getaway_web/package/handler.(*Handler).handleResponse() !!!Response--->    code  :400  status  :BAD_REQUEST  description  :The server could not understand the request due to invalid syntax  data  :password: cannot be blank; username: cannot be blank. 
[31mERRO[0m[2022-12-12T00:12:59+05:00]user.go:61 api_getaway_web/package/handler.(*Handler).SignInUser() rpc error: code = NotFound desc = not found  
[31mERRO[0m[2022-12-12T00:12:59+05:00]handler.go:65 api_getaway_web/package/handler.(*Handler).handleResponse() !!!Response--->    code  :404  status  :NOT_FOUND  description  :	The requested resource not found.  data  :not found 
[31mERRO[0m[2022-12-12T00:12:59+05:00]user.go:49 api_getaway_web/package/handler.(*Handler).SignInUser() password: cannot be blank; username: cannot be blank. 
[31mERRO[0m[2022-12-12T00:12:59+05:00]handler.go:65 api_getaway_web/package/handler.(*Handler).handleResponse() !!!Response--->    code  :400  status  :BAD_REQUEST  description  :The server could not understand the request due to invalid syntax  data  :password: cannot be blank; username: cannot be blank. 
[31mERRO[0m[2022-12-12T00:12:59+05:00]user.go:49 api_getaway_web/package/handler.(*Handler).SignInUser() password: cannot be blank; username: cannot be blank. 
[31mERRO[0m[2022-12-12T00:12:59+05:00]handler.go:65 api_getaway_web/package/handler.(*Handler).handleResponse() !!!Response--->    code  :400  status  :BAD_REQUEST  description  :The server could not understand the request due to invalid syntax  data  :password: cannot be blank; username: cannot be blank. 
[31mERRO[0m[2022-12-12T00:12:59+05:00]user.go:49 api_getaway_web/package/handler.(*Handler).SignInUser() password: cannot be blank; username: cannot be blank. 
[31mERRO[0m[2022-12-12T00:12:59+05:00]handler.go:65 api_getaway_web/package/handler.(*Handler).handleResponse() !!!Response--->    code  :400  status  :BAD_REQUEST  description  :The server could not understand the request due to invalid syntax  data  :password: cannot be blank; username: cannot be blank. 
[36mINFO[0m[2022-12-12T00:21:24+05:00]handler.go:49 api_getaway_web/package/handler.(*Handler).handleResponse() ---Response--->  code  :200  status  :OK  description  :The request has succeeded  data  :eyJhbGciOiJIUzI1NiIsInR5cCI6IkpXVCJ9.eyJleHBpcmVzIjo1Mjk5NTg2NDg0LCJpZCI6ImMxNGUyYjIyLWQyYzctNDQ2Ni1iYmRiLTg5MmEwZmQ4MWEwMyJ9.OHb55xcZBEbymgTcY4j3cDOuewmHIQ3Wo9P9-rU4sZw 
[31mERRO[0m[2022-12-12T00:21:24+05:00]user.go:61 api_getaway_web/package/handler.(*Handler).SignInUser() rpc error: code = NotFound desc = not found  
[31mERRO[0m[2022-12-12T00:21:24+05:00]handler.go:65 api_getaway_web/package/handler.(*Handler).handleResponse() !!!Response--->    code  :404  status  :NOT_FOUND  description  :	The requested resource not found.  data  :not found 
[31mERRO[0m[2022-12-12T00:21:24+05:00]user.go:49 api_getaway_web/package/handler.(*Handler).SignInUser() password: cannot be blank; username: cannot be blank. 
[31mERRO[0m[2022-12-12T00:21:24+05:00]handler.go:65 api_getaway_web/package/handler.(*Handler).handleResponse() !!!Response--->    code  :400  status  :BAD_REQUEST  description  :The server could not understand the request due to invalid syntax  data  :password: cannot be blank; username: cannot be blank. 
[36mINFO[0m[2022-12-12T00:23:49+05:00]handler.go:49 api_getaway_web/package/handler.(*Handler).handleResponse() ---Response--->  code  :200  status  :OK  description  :The request has succeeded  data  :eyJhbGciOiJIUzI1NiIsInR5cCI6IkpXVCJ9.eyJleHBpcmVzIjo1Mjk5NTg2NjI5LCJpZCI6ImMxNGUyYjIyLWQyYzctNDQ2Ni1iYmRiLTg5MmEwZmQ4MWEwMyJ9.C_HsdopnicITDvdPzuOXQkjzi6Ll8sgu-aa0QjGIJc4 
[31mERRO[0m[2022-12-12T00:23:50+05:00]user.go:61 api_getaway_web/package/handler.(*Handler).SignInUser() rpc error: code = NotFound desc = not found  
[31mERRO[0m[2022-12-12T00:23:50+05:00]handler.go:65 api_getaway_web/package/handler.(*Handler).handleResponse() !!!Response--->    code  :404  status  :NOT_FOUND  description  :	The requested resource not found.  data  :not found 
[31mERRO[0m[2022-12-12T00:23:50+05:00]user.go:49 api_getaway_web/package/handler.(*Handler).SignInUser() password: cannot be blank; username: cannot be blank. 
[31mERRO[0m[2022-12-12T00:23:50+05:00]handler.go:65 api_getaway_web/package/handler.(*Handler).handleResponse() !!!Response--->    code  :400  status  :BAD_REQUEST  description  :The server could not understand the request due to invalid syntax  data  :password: cannot be blank; username: cannot be blank. 
